2024-08-27 15:13:22 [-][-][-][error][yii\console\UnknownCommandException] yii\base\InvalidRouteException: Unable to resolve the request "gii". in /app/vendor/yiisoft/yii2/base/Module.php:561
Stack trace:
#0 /app/vendor/yiisoft/yii2/console/Application.php(180): yii\base\Module->runAction()
#1 /app/vendor/yiisoft/yii2/console/Application.php(147): yii\console\Application->runAction()
#2 /app/vendor/yiisoft/yii2/base/Application.php(384): yii\console\Application->handleRequest()
#3 /app/yii(19): yii\base\Application->run()
#4 {main}

Next yii\console\UnknownCommandException: Unknown command "gii". in /app/vendor/yiisoft/yii2/console/Application.php:183
Stack trace:
#0 /app/vendor/yiisoft/yii2/console/Application.php(147): yii\console\Application->runAction()
#1 /app/vendor/yiisoft/yii2/base/Application.php(384): yii\console\Application->handleRequest()
#2 /app/yii(19): yii\base\Application->run()
#3 {main}
2024-08-27 15:13:22 [-][-][-][info][application] $_GET = []

$_POST = []

$_FILES = []

$_COOKIE = []

$_SERVER = [
    'PHP_ENABLE_XDEBUG' => '0'
    'PHP_USER_ID' => '33'
    'HOSTNAME' => '0e88378e8032'
    'PHP_VERSION' => '8.2.22'
    'APACHE_CONFDIR' => '/etc/apache2'
    'PHP_INI_DIR' => '/usr/local/etc/php'
    'GPG_KEYS' => '39B641343D8C104B2B146DC3F9C39DC0B9698544 E60913E4DF209907D8E30D96659A97C9CF2A795A 1198C0117593497A5EC5C199286AF1F9897469DC'
    'PHP_LDFLAGS' => '-Wl,-O1 -pie'
    'PWD' => '/app'
    'TZ' => 'Asia/Jakarta'
    'HOME' => '/root'
    'PHP_SHA256' => '8566229bc88ad1f4aadc10700ab5fbcec81587c748999d985f11cf3b745462df'
    'PHPIZE_DEPS' => 'autoconf 		dpkg-dev 		file 		g++ 		gcc 		libc-dev 		make 		pkg-config 		re2c'
    'TERM' => 'linux'
    'PHP_URL' => 'https://www.php.net/distributions/php-8.2.22.tar.xz'
    'SHLVL' => '1'
    'COMPOSER_ALLOW_SUPERUSER' => '1'
    'PHP_CFLAGS' => '-fstack-protector-strong -fpic -fpie -O2 -D_LARGEFILE_SOURCE -D_FILE_OFFSET_BITS=64'
    'APACHE_ENVVARS' => '/etc/apache2/envvars'
    'PATH' => '/app:/app/vendor/bin:/root/.composer/vendor/bin:/usr/local/sbin:/usr/local/bin:/usr/sbin:/usr/bin:/sbin:/bin'
    'PHP_ASC_URL' => 'https://www.php.net/distributions/php-8.2.22.tar.xz.asc'
    'PHP_CPPFLAGS' => '-fstack-protector-strong -fpic -fpie -O2 -D_LARGEFILE_SOURCE -D_FILE_OFFSET_BITS=64'
    '_' => '/usr/local/bin/php'
    'OLDPWD' => '/app/web'
    'PHP_SELF' => 'yii'
    'SCRIPT_NAME' => 'yii'
    'SCRIPT_FILENAME' => 'yii'
    'PATH_TRANSLATED' => 'yii'
    'DOCUMENT_ROOT' => ''
    'REQUEST_TIME_FLOAT' => 1724771602.2422
    'REQUEST_TIME' => 1724771602
    'argv' => [
        0 => 'yii'
        1 => 'gii'
    ]
    'argc' => 2
]
